<?xml version="1.0" encoding="UTF-8"?>
<testsuite name="com.paolacodes.admin.catalogo.domain.category.CategoryTest" tests="1" skipped="0" failures="0" errors="0" timestamp="2025-04-30T20:56:28" hostname="MacBook-Pro-de-Paola.local" time="0.008">
  <properties/>
  <testcase name="givenAInvalidNullName_whenCallNewCategoryAndValidade_thenShouldReceiveError()" classname="com.paolacodes.admin.catalogo.domain.category.CategoryTest" time="0.008"/>
  <system-out><![CDATA[]]></system-out>
  <system-err><![CDATA[]]></system-err>
</testsuite>
